<?xml version="1.0" encoding="UTF-8"?>
<!-- Generated by org.testng.reporters.JUnitReportReporter -->
<testsuite skipped="0" hostname="Kanwar07" name="com.crm.qa.TestCases.LoginPageTest" tests="3" failures="0" timestamp="20 May 2021 09:12:35 GMT" time="33.834" errors="0">
  <testcase name="validatingCRMlogo" time="10.565" classname="com.crm.qa.TestCases.LoginPageTest"/>
  <testcase name="GetCrmTittle" time="8.466" classname="com.crm.qa.TestCases.LoginPageTest"/>
  <testcase name="LoginCrm" time="14.803" classname="com.crm.qa.TestCases.LoginPageTest"/>
</testsuite> <!-- com.crm.qa.TestCases.LoginPageTest -->
