<?xml version="1.0" encoding="UTF-8"?>
<!-- Generated by org.testng.reporters.JUnitReportReporter -->
<testsuite skipped="0" hostname="Kanwar07" name="com.crm.qa.TestCases.DealsPageContact" tests="2" failures="0" timestamp="23 May 2021 07:51:32 GMT" time="44.117" errors="0">
  <testcase name="ValidatingDealsPage" time="24.174" classname="com.crm.qa.TestCases.DealsPageContact"/>
  <testcase name="ValidatingDealsPage" time="19.943" classname="com.crm.qa.TestCases.DealsPageContact"/>
</testsuite> <!-- com.crm.qa.TestCases.DealsPageContact -->
