<?xml version="1.0" encoding="UTF-8"?>
<!-- Generated by org.testng.reporters.JUnitReportReporter -->
<testsuite skipped="0" hostname="Kanwar07" name="com.crm.qa.TestCases.HomePageTest" tests="4" failures="0" timestamp="23 May 2021 09:15:42 GMT" time="64.705" errors="0">
  <testcase name="CheckingHomePageTittle" time="16.037" classname="com.crm.qa.TestCases.HomePageTest"/>
  <testcase name="ClickContactlink" time="16.183" classname="com.crm.qa.TestCases.HomePageTest"/>
  <testcase name="ClickDealsLink" time="16.288" classname="com.crm.qa.TestCases.HomePageTest"/>
  <testcase name="ClickonTaskLink" time="16.197" classname="com.crm.qa.TestCases.HomePageTest"/>
</testsuite> <!-- com.crm.qa.TestCases.HomePageTest -->
